ERROR	2023-07-31 13:21:23,945	0	io.github.bonigarcia.wdm.online.HttpClient	[main]	Error HTTP 404 executing https://chromedriver.storage.googleapis.com/LATEST_RELEASE_115
ERROR	2023-07-31 13:23:57,659	1	io.github.bonigarcia.wdm.WebDriverManager	[main]	There was an error managing chromedriver (latest version) (java.net.UnknownHostException: chromedriver.storage.googleapis.com)
io.github.bonigarcia.wdm.config.WebDriverManagerException: java.net.UnknownHostException: chromedriver.storage.googleapis.com
	at io.github.bonigarcia.wdm.WebDriverManager.getDriversFromXml(WebDriverManager.java:1528)
	at io.github.bonigarcia.wdm.managers.ChromeDriverManager.getDriverUrls(ChromeDriverManager.java:103)
	at io.github.bonigarcia.wdm.WebDriverManager.createUrlHandler(WebDriverManager.java:1402)
	at io.github.bonigarcia.wdm.WebDriverManager.download(WebDriverManager.java:1240)
	at io.github.bonigarcia.wdm.WebDriverManager.manage(WebDriverManager.java:1158)
	at io.github.bonigarcia.wdm.WebDriverManager.fallback(WebDriverManager.java:1397)
	at io.github.bonigarcia.wdm.WebDriverManager.handleException(WebDriverManager.java:1378)
	at io.github.bonigarcia.wdm.WebDriverManager.manage(WebDriverManager.java:1164)
	at io.github.bonigarcia.wdm.WebDriverManager.handleException(WebDriverManager.java:1371)
	at io.github.bonigarcia.wdm.WebDriverManager.manage(WebDriverManager.java:1164)
	at io.github.bonigarcia.wdm.WebDriverManager.setup(WebDriverManager.java:406)
	at com.clickezy.base.devices.Devices.lunch(Devices.java:23)
	at java.base/jdk.internal.reflect.NativeMethodAccessorImpl.invoke0(Native Method)
	at java.base/jdk.internal.reflect.NativeMethodAccessorImpl.invoke(NativeMethodAccessorImpl.java:77)
	at java.base/jdk.internal.reflect.DelegatingMethodAccessorImpl.invoke(DelegatingMethodAccessorImpl.java:43)
	at java.base/java.lang.reflect.Method.invoke(Method.java:568)
	at org.testng.internal.MethodInvocationHelper.invokeMethod(MethodInvocationHelper.java:133)
	at org.testng.internal.MethodInvocationHelper.invokeMethodConsideringTimeout(MethodInvocationHelper.java:62)
	at org.testng.internal.ConfigInvoker.invokeConfigurationMethod(ConfigInvoker.java:385)
	at org.testng.internal.ConfigInvoker.invokeConfigurations(ConfigInvoker.java:321)
	at org.testng.TestRunner.invokeTestConfigurations(TestRunner.java:637)
	at org.testng.TestRunner.beforeRun(TestRunner.java:627)
	at org.testng.TestRunner.run(TestRunner.java:589)
	at org.testng.SuiteRunner.runTest(SuiteRunner.java:377)
	at org.testng.SuiteRunner.runSequentially(SuiteRunner.java:371)
	at org.testng.SuiteRunner.privateRun(SuiteRunner.java:332)
	at org.testng.SuiteRunner.run(SuiteRunner.java:276)
	at org.testng.SuiteRunnerWorker.runSuite(SuiteRunnerWorker.java:53)
	at org.testng.SuiteRunnerWorker.run(SuiteRunnerWorker.java:96)
	at org.testng.TestNG.runSuitesSequentially(TestNG.java:1212)
	at org.testng.TestNG.runSuitesLocally(TestNG.java:1134)
	at org.testng.TestNG.runSuites(TestNG.java:1063)
	at org.testng.TestNG.run(TestNG.java:1031)
	at org.testng.remote.AbstractRemoteTestNG.run(AbstractRemoteTestNG.java:115)
	at org.testng.remote.RemoteTestNG.initAndRun(RemoteTestNG.java:251)
	at org.testng.remote.RemoteTestNG.main(RemoteTestNG.java:77)
Caused by: java.net.UnknownHostException: chromedriver.storage.googleapis.com
	at java.base/java.net.InetAddress$CachedAddresses.get(InetAddress.java:801)
	at java.base/java.net.InetAddress.getAllByName0(InetAddress.java:1519)
	at java.base/java.net.InetAddress.getAllByName(InetAddress.java:1377)
	at java.base/java.net.InetAddress.getAllByName(InetAddress.java:1305)
	at org.apache.hc.client5.http.SystemDefaultDnsResolver.resolve(SystemDefaultDnsResolver.java:43)
	at org.apache.hc.client5.http.impl.io.DefaultHttpClientConnectionOperator.connect(DefaultHttpClientConnectionOperator.java:118)
	at org.apache.hc.client5.http.impl.io.PoolingHttpClientConnectionManager.connect(PoolingHttpClientConnectionManager.java:396)
	at org.apache.hc.client5.http.impl.classic.InternalExecRuntime.connectEndpoint(InternalExecRuntime.java:158)
	at org.apache.hc.client5.http.impl.classic.InternalExecRuntime.connectEndpoint(InternalExecRuntime.java:168)
	at org.apache.hc.client5.http.impl.classic.ConnectExec.execute(ConnectExec.java:136)
	at org.apache.hc.client5.http.impl.classic.ExecChainElement.execute(ExecChainElement.java:51)
	at org.apache.hc.client5.http.impl.classic.ExecChainElement$1.proceed(ExecChainElement.java:57)
	at org.apache.hc.client5.http.impl.classic.ProtocolExec.execute(ProtocolExec.java:175)
	at org.apache.hc.client5.http.impl.classic.ExecChainElement.execute(ExecChainElement.java:51)
	at org.apache.hc.client5.http.impl.classic.ExecChainElement$1.proceed(ExecChainElement.java:57)
	at org.apache.hc.client5.http.impl.classic.HttpRequestRetryExec.execute(HttpRequestRetryExec.java:96)
	at org.apache.hc.client5.http.impl.classic.ExecChainElement.execute(ExecChainElement.java:51)
	at org.apache.hc.client5.http.impl.classic.ExecChainElement$1.proceed(ExecChainElement.java:57)
	at org.apache.hc.client5.http.impl.classic.ContentCompressionExec.execute(ContentCompressionExec.java:133)
	at org.apache.hc.client5.http.impl.classic.ExecChainElement.execute(ExecChainElement.java:51)
	at org.apache.hc.client5.http.impl.classic.ExecChainElement$1.proceed(ExecChainElement.java:57)
	at org.apache.hc.client5.http.impl.classic.RedirectExec.execute(RedirectExec.java:115)
	at org.apache.hc.client5.http.impl.classic.ExecChainElement.execute(ExecChainElement.java:51)
	at org.apache.hc.client5.http.impl.classic.InternalHttpClient.doExecute(InternalHttpClient.java:170)
	at org.apache.hc.client5.http.impl.classic.CloseableHttpClient.execute(CloseableHttpClient.java:75)
	at org.apache.hc.client5.http.impl.classic.CloseableHttpClient.execute(CloseableHttpClient.java:89)
	at io.github.bonigarcia.wdm.online.HttpClient.execute(HttpClient.java:158)
	at io.github.bonigarcia.wdm.WebDriverManager.getDriversFromXml(WebDriverManager.java:1513)
	... 35 more
ERROR	2023-07-31 13:24:31,363	1	io.github.bonigarcia.wdm.WebDriverManager	[main]	There was an error managing chromedriver (latest version) (java.net.UnknownHostException: chromedriver.storage.googleapis.com)
io.github.bonigarcia.wdm.config.WebDriverManagerException: java.net.UnknownHostException: chromedriver.storage.googleapis.com
	at io.github.bonigarcia.wdm.WebDriverManager.getDriversFromXml(WebDriverManager.java:1528)
	at io.github.bonigarcia.wdm.managers.ChromeDriverManager.getDriverUrls(ChromeDriverManager.java:103)
	at io.github.bonigarcia.wdm.WebDriverManager.createUrlHandler(WebDriverManager.java:1402)
	at io.github.bonigarcia.wdm.WebDriverManager.download(WebDriverManager.java:1240)
	at io.github.bonigarcia.wdm.WebDriverManager.manage(WebDriverManager.java:1158)
	at io.github.bonigarcia.wdm.WebDriverManager.fallback(WebDriverManager.java:1397)
	at io.github.bonigarcia.wdm.WebDriverManager.handleException(WebDriverManager.java:1378)
	at io.github.bonigarcia.wdm.WebDriverManager.manage(WebDriverManager.java:1164)
	at io.github.bonigarcia.wdm.WebDriverManager.handleException(WebDriverManager.java:1371)
	at io.github.bonigarcia.wdm.WebDriverManager.manage(WebDriverManager.java:1164)
	at io.github.bonigarcia.wdm.WebDriverManager.setup(WebDriverManager.java:406)
	at com.clickezy.base.devices.Devices.lunch(Devices.java:23)
	at java.base/jdk.internal.reflect.NativeMethodAccessorImpl.invoke0(Native Method)
	at java.base/jdk.internal.reflect.NativeMethodAccessorImpl.invoke(NativeMethodAccessorImpl.java:77)
	at java.base/jdk.internal.reflect.DelegatingMethodAccessorImpl.invoke(DelegatingMethodAccessorImpl.java:43)
	at java.base/java.lang.reflect.Method.invoke(Method.java:568)
	at org.testng.internal.MethodInvocationHelper.invokeMethod(MethodInvocationHelper.java:133)
	at org.testng.internal.MethodInvocationHelper.invokeMethodConsideringTimeout(MethodInvocationHelper.java:62)
	at org.testng.internal.ConfigInvoker.invokeConfigurationMethod(ConfigInvoker.java:385)
	at org.testng.internal.ConfigInvoker.invokeConfigurations(ConfigInvoker.java:321)
	at org.testng.TestRunner.invokeTestConfigurations(TestRunner.java:637)
	at org.testng.TestRunner.beforeRun(TestRunner.java:627)
	at org.testng.TestRunner.run(TestRunner.java:589)
	at org.testng.SuiteRunner.runTest(SuiteRunner.java:377)
	at org.testng.SuiteRunner.runSequentially(SuiteRunner.java:371)
	at org.testng.SuiteRunner.privateRun(SuiteRunner.java:332)
	at org.testng.SuiteRunner.run(SuiteRunner.java:276)
	at org.testng.SuiteRunnerWorker.runSuite(SuiteRunnerWorker.java:53)
	at org.testng.SuiteRunnerWorker.run(SuiteRunnerWorker.java:96)
	at org.testng.TestNG.runSuitesSequentially(TestNG.java:1212)
	at org.testng.TestNG.runSuitesLocally(TestNG.java:1134)
	at org.testng.TestNG.runSuites(TestNG.java:1063)
	at org.testng.TestNG.run(TestNG.java:1031)
	at org.testng.remote.AbstractRemoteTestNG.run(AbstractRemoteTestNG.java:115)
	at org.testng.remote.RemoteTestNG.initAndRun(RemoteTestNG.java:251)
	at org.testng.remote.RemoteTestNG.main(RemoteTestNG.java:77)
Caused by: java.net.UnknownHostException: chromedriver.storage.googleapis.com
	at java.base/java.net.InetAddress$CachedAddresses.get(InetAddress.java:801)
	at java.base/java.net.InetAddress.getAllByName0(InetAddress.java:1519)
	at java.base/java.net.InetAddress.getAllByName(InetAddress.java:1377)
	at java.base/java.net.InetAddress.getAllByName(InetAddress.java:1305)
	at org.apache.hc.client5.http.SystemDefaultDnsResolver.resolve(SystemDefaultDnsResolver.java:43)
	at org.apache.hc.client5.http.impl.io.DefaultHttpClientConnectionOperator.connect(DefaultHttpClientConnectionOperator.java:118)
	at org.apache.hc.client5.http.impl.io.PoolingHttpClientConnectionManager.connect(PoolingHttpClientConnectionManager.java:396)
	at org.apache.hc.client5.http.impl.classic.InternalExecRuntime.connectEndpoint(InternalExecRuntime.java:158)
	at org.apache.hc.client5.http.impl.classic.InternalExecRuntime.connectEndpoint(InternalExecRuntime.java:168)
	at org.apache.hc.client5.http.impl.classic.ConnectExec.execute(ConnectExec.java:136)
	at org.apache.hc.client5.http.impl.classic.ExecChainElement.execute(ExecChainElement.java:51)
	at org.apache.hc.client5.http.impl.classic.ExecChainElement$1.proceed(ExecChainElement.java:57)
	at org.apache.hc.client5.http.impl.classic.ProtocolExec.execute(ProtocolExec.java:175)
	at org.apache.hc.client5.http.impl.classic.ExecChainElement.execute(ExecChainElement.java:51)
	at org.apache.hc.client5.http.impl.classic.ExecChainElement$1.proceed(ExecChainElement.java:57)
	at org.apache.hc.client5.http.impl.classic.HttpRequestRetryExec.execute(HttpRequestRetryExec.java:96)
	at org.apache.hc.client5.http.impl.classic.ExecChainElement.execute(ExecChainElement.java:51)
	at org.apache.hc.client5.http.impl.classic.ExecChainElement$1.proceed(ExecChainElement.java:57)
	at org.apache.hc.client5.http.impl.classic.ContentCompressionExec.execute(ContentCompressionExec.java:133)
	at org.apache.hc.client5.http.impl.classic.ExecChainElement.execute(ExecChainElement.java:51)
	at org.apache.hc.client5.http.impl.classic.ExecChainElement$1.proceed(ExecChainElement.java:57)
	at org.apache.hc.client5.http.impl.classic.RedirectExec.execute(RedirectExec.java:115)
	at org.apache.hc.client5.http.impl.classic.ExecChainElement.execute(ExecChainElement.java:51)
	at org.apache.hc.client5.http.impl.classic.InternalHttpClient.doExecute(InternalHttpClient.java:170)
	at org.apache.hc.client5.http.impl.classic.CloseableHttpClient.execute(CloseableHttpClient.java:75)
	at org.apache.hc.client5.http.impl.classic.CloseableHttpClient.execute(CloseableHttpClient.java:89)
	at io.github.bonigarcia.wdm.online.HttpClient.execute(HttpClient.java:158)
	at io.github.bonigarcia.wdm.WebDriverManager.getDriversFromXml(WebDriverManager.java:1513)
	... 35 more
ERROR	2023-07-31 13:25:47,593	0	io.github.bonigarcia.wdm.online.HttpClient	[main]	Error HTTP 404 executing https://chromedriver.storage.googleapis.com/LATEST_RELEASE_115
ERROR	2023-07-31 13:29:08,007	0	io.github.bonigarcia.wdm.online.HttpClient	[main]	Error HTTP 404 executing https://chromedriver.storage.googleapis.com/LATEST_RELEASE_115
ERROR	2023-08-01 13:22:02,539	0	io.github.bonigarcia.wdm.online.HttpClient	[main]	Error HTTP 404 executing https://chromedriver.storage.googleapis.com/LATEST_RELEASE_115
ERROR	2023-08-01 13:25:12,618	0	io.github.bonigarcia.wdm.online.HttpClient	[main]	Error HTTP 404 executing https://chromedriver.storage.googleapis.com/LATEST_RELEASE_115
ERROR	2023-08-01 13:26:13,624	0	io.github.bonigarcia.wdm.online.HttpClient	[main]	Error HTTP 404 executing https://chromedriver.storage.googleapis.com/LATEST_RELEASE_115
ERROR	2023-08-01 13:27:07,815	0	io.github.bonigarcia.wdm.online.HttpClient	[main]	Error HTTP 404 executing https://chromedriver.storage.googleapis.com/LATEST_RELEASE_115
ERROR	2023-08-01 13:30:04,081	0	io.github.bonigarcia.wdm.online.HttpClient	[main]	Error HTTP 404 executing https://chromedriver.storage.googleapis.com/LATEST_RELEASE_115
ERROR	2023-08-03 16:06:43,583	0	io.github.bonigarcia.wdm.online.HttpClient	[main]	Error HTTP 404 executing https://chromedriver.storage.googleapis.com/LATEST_RELEASE_115
ERROR	2023-08-03 16:08:05,617	1	io.github.bonigarcia.wdm.online.HttpClient	[main]	Error HTTP 404 executing https://chromedriver.storage.googleapis.com/LATEST_RELEASE_115
ERROR	2023-08-03 16:09:23,984	0	io.github.bonigarcia.wdm.online.HttpClient	[main]	Error HTTP 404 executing https://chromedriver.storage.googleapis.com/LATEST_RELEASE_115
ERROR	2023-08-03 16:11:49,746	0	io.github.bonigarcia.wdm.online.HttpClient	[main]	Error HTTP 404 executing https://chromedriver.storage.googleapis.com/LATEST_RELEASE_115
ERROR	2023-08-03 16:17:46,354	0	io.github.bonigarcia.wdm.online.HttpClient	[main]	Error HTTP 404 executing https://chromedriver.storage.googleapis.com/LATEST_RELEASE_115
ERROR	2023-08-03 16:19:42,451	0	io.github.bonigarcia.wdm.online.HttpClient	[main]	Error HTTP 404 executing https://chromedriver.storage.googleapis.com/LATEST_RELEASE_115
ERROR	2023-08-03 16:22:15,697	0	io.github.bonigarcia.wdm.online.HttpClient	[main]	Error HTTP 404 executing https://chromedriver.storage.googleapis.com/LATEST_RELEASE_115
ERROR	2023-08-03 16:26:07,560	0	io.github.bonigarcia.wdm.online.HttpClient	[main]	Error HTTP 404 executing https://chromedriver.storage.googleapis.com/LATEST_RELEASE_115
ERROR	2023-08-03 16:28:22,836	0	io.github.bonigarcia.wdm.online.HttpClient	[main]	Error HTTP 404 executing https://chromedriver.storage.googleapis.com/LATEST_RELEASE_115
ERROR	2023-08-03 22:52:01,716	0	io.github.bonigarcia.wdm.online.HttpClient	[main]	Error HTTP 404 executing https://chromedriver.storage.googleapis.com/LATEST_RELEASE_115
ERROR	2023-08-03 22:54:21,083	0	io.github.bonigarcia.wdm.online.HttpClient	[main]	Error HTTP 404 executing https://chromedriver.storage.googleapis.com/LATEST_RELEASE_115
ERROR	2023-08-03 22:55:35,450	0	io.github.bonigarcia.wdm.online.HttpClient	[main]	Error HTTP 404 executing https://chromedriver.storage.googleapis.com/LATEST_RELEASE_115
ERROR	2023-08-03 22:58:04,443	0	io.github.bonigarcia.wdm.online.HttpClient	[main]	Error HTTP 404 executing https://chromedriver.storage.googleapis.com/LATEST_RELEASE_115
ERROR	2023-08-03 23:00:18,802	0	io.github.bonigarcia.wdm.online.HttpClient	[main]	Error HTTP 404 executing https://chromedriver.storage.googleapis.com/LATEST_RELEASE_115
ERROR	2023-08-03 23:01:22,832	64030	io.github.bonigarcia.wdm.online.HttpClient	[main]	Error HTTP 404 executing https://chromedriver.storage.googleapis.com/LATEST_RELEASE_115
ERROR	2023-08-03 23:11:44,122	0	io.github.bonigarcia.wdm.online.HttpClient	[main]	Error HTTP 404 executing https://chromedriver.storage.googleapis.com/LATEST_RELEASE_115
ERROR	2023-08-03 23:13:10,113	0	io.github.bonigarcia.wdm.online.HttpClient	[main]	Error HTTP 404 executing https://chromedriver.storage.googleapis.com/LATEST_RELEASE_115
ERROR	2023-08-03 23:14:14,297	0	io.github.bonigarcia.wdm.online.HttpClient	[main]	Error HTTP 404 executing https://chromedriver.storage.googleapis.com/LATEST_RELEASE_115
ERROR	2023-08-03 23:16:17,928	0	io.github.bonigarcia.wdm.online.HttpClient	[main]	Error HTTP 404 executing https://chromedriver.storage.googleapis.com/LATEST_RELEASE_115
ERROR	2023-08-03 23:22:19,975	0	io.github.bonigarcia.wdm.online.HttpClient	[main]	Error HTTP 404 executing https://chromedriver.storage.googleapis.com/LATEST_RELEASE_115
ERROR	2023-08-03 23:28:35,245	1	io.github.bonigarcia.wdm.online.HttpClient	[main]	Error HTTP 404 executing https://chromedriver.storage.googleapis.com/LATEST_RELEASE_115
ERROR	2023-08-03 23:54:58,997	0	io.github.bonigarcia.wdm.online.HttpClient	[main]	Error HTTP 404 executing https://chromedriver.storage.googleapis.com/LATEST_RELEASE_115
ERROR	2023-08-03 23:57:30,834	0	io.github.bonigarcia.wdm.online.HttpClient	[main]	Error HTTP 404 executing https://chromedriver.storage.googleapis.com/LATEST_RELEASE_115
ERROR	2023-08-04 00:00:15,319	1	io.github.bonigarcia.wdm.online.HttpClient	[main]	Error HTTP 404 executing https://chromedriver.storage.googleapis.com/LATEST_RELEASE_115
ERROR	2023-08-04 00:02:46,316	0	io.github.bonigarcia.wdm.online.HttpClient	[main]	Error HTTP 404 executing https://chromedriver.storage.googleapis.com/LATEST_RELEASE_115
ERROR	2023-08-04 11:18:59,951	1	io.github.bonigarcia.wdm.online.HttpClient	[main]	Error HTTP 404 executing https://chromedriver.storage.googleapis.com/LATEST_RELEASE_115
ERROR	2023-08-04 11:19:22,777	22827	io.github.bonigarcia.wdm.online.HttpClient	[main]	Error HTTP 404 executing https://chromedriver.storage.googleapis.com/LATEST_RELEASE_115
ERROR	2023-08-04 11:20:56,835	0	io.github.bonigarcia.wdm.online.HttpClient	[main]	Error HTTP 404 executing https://chromedriver.storage.googleapis.com/LATEST_RELEASE_115
ERROR	2023-08-04 11:22:11,801	0	io.github.bonigarcia.wdm.online.HttpClient	[main]	Error HTTP 404 executing https://chromedriver.storage.googleapis.com/LATEST_RELEASE_115
ERROR	2023-08-04 11:25:10,999	0	io.github.bonigarcia.wdm.online.HttpClient	[main]	Error HTTP 404 executing https://chromedriver.storage.googleapis.com/LATEST_RELEASE_115
ERROR	2023-08-04 11:31:44,941	0	io.github.bonigarcia.wdm.online.HttpClient	[main]	Error HTTP 404 executing https://chromedriver.storage.googleapis.com/LATEST_RELEASE_115
ERROR	2023-08-04 11:33:25,749	100808	io.github.bonigarcia.wdm.online.HttpClient	[main]	Error HTTP 404 executing https://chromedriver.storage.googleapis.com/LATEST_RELEASE_115
ERROR	2023-08-04 13:21:22,451	0	io.github.bonigarcia.wdm.online.HttpClient	[main]	Error HTTP 404 executing https://chromedriver.storage.googleapis.com/LATEST_RELEASE_115
ERROR	2023-08-04 13:22:36,444	1	io.github.bonigarcia.wdm.WebDriverManager	[main]	There was an error managing chromedriver (latest version) (java.net.UnknownHostException: chromedriver.storage.googleapis.com)
io.github.bonigarcia.wdm.config.WebDriverManagerException: java.net.UnknownHostException: chromedriver.storage.googleapis.com
	at io.github.bonigarcia.wdm.WebDriverManager.getDriversFromXml(WebDriverManager.java:1528)
	at io.github.bonigarcia.wdm.managers.ChromeDriverManager.getDriverUrls(ChromeDriverManager.java:103)
	at io.github.bonigarcia.wdm.WebDriverManager.createUrlHandler(WebDriverManager.java:1402)
	at io.github.bonigarcia.wdm.WebDriverManager.download(WebDriverManager.java:1240)
	at io.github.bonigarcia.wdm.WebDriverManager.manage(WebDriverManager.java:1158)
	at io.github.bonigarcia.wdm.WebDriverManager.fallback(WebDriverManager.java:1397)
	at io.github.bonigarcia.wdm.WebDriverManager.handleException(WebDriverManager.java:1378)
	at io.github.bonigarcia.wdm.WebDriverManager.manage(WebDriverManager.java:1164)
	at io.github.bonigarcia.wdm.WebDriverManager.handleException(WebDriverManager.java:1371)
	at io.github.bonigarcia.wdm.WebDriverManager.manage(WebDriverManager.java:1164)
	at io.github.bonigarcia.wdm.WebDriverManager.setup(WebDriverManager.java:406)
	at com.clickezy.base.devices.Devices.lunch(Devices.java:23)
	at java.base/jdk.internal.reflect.NativeMethodAccessorImpl.invoke0(Native Method)
	at java.base/jdk.internal.reflect.NativeMethodAccessorImpl.invoke(NativeMethodAccessorImpl.java:77)
	at java.base/jdk.internal.reflect.DelegatingMethodAccessorImpl.invoke(DelegatingMethodAccessorImpl.java:43)
	at java.base/java.lang.reflect.Method.invoke(Method.java:568)
	at org.testng.internal.MethodInvocationHelper.invokeMethod(MethodInvocationHelper.java:133)
	at org.testng.internal.MethodInvocationHelper.invokeMethodConsideringTimeout(MethodInvocationHelper.java:62)
	at org.testng.internal.ConfigInvoker.invokeConfigurationMethod(ConfigInvoker.java:385)
	at org.testng.internal.ConfigInvoker.invokeConfigurations(ConfigInvoker.java:321)
	at org.testng.TestRunner.invokeTestConfigurations(TestRunner.java:637)
	at org.testng.TestRunner.beforeRun(TestRunner.java:627)
	at org.testng.TestRunner.run(TestRunner.java:589)
	at org.testng.SuiteRunner.runTest(SuiteRunner.java:377)
	at org.testng.SuiteRunner.runSequentially(SuiteRunner.java:371)
	at org.testng.SuiteRunner.privateRun(SuiteRunner.java:332)
	at org.testng.SuiteRunner.run(SuiteRunner.java:276)
	at org.testng.SuiteRunnerWorker.runSuite(SuiteRunnerWorker.java:53)
	at org.testng.SuiteRunnerWorker.run(SuiteRunnerWorker.java:96)
	at org.testng.TestNG.runSuitesSequentially(TestNG.java:1212)
	at org.testng.TestNG.runSuitesLocally(TestNG.java:1134)
	at org.testng.TestNG.runSuites(TestNG.java:1063)
	at org.testng.TestNG.run(TestNG.java:1031)
	at org.testng.remote.AbstractRemoteTestNG.run(AbstractRemoteTestNG.java:115)
	at org.testng.remote.RemoteTestNG.initAndRun(RemoteTestNG.java:251)
	at org.testng.remote.RemoteTestNG.main(RemoteTestNG.java:77)
Caused by: java.net.UnknownHostException: chromedriver.storage.googleapis.com
	at java.base/java.net.InetAddress$CachedAddresses.get(InetAddress.java:801)
	at java.base/java.net.InetAddress.getAllByName0(InetAddress.java:1519)
	at java.base/java.net.InetAddress.getAllByName(InetAddress.java:1377)
	at java.base/java.net.InetAddress.getAllByName(InetAddress.java:1305)
	at org.apache.hc.client5.http.SystemDefaultDnsResolver.resolve(SystemDefaultDnsResolver.java:43)
	at org.apache.hc.client5.http.impl.io.DefaultHttpClientConnectionOperator.connect(DefaultHttpClientConnectionOperator.java:118)
	at org.apache.hc.client5.http.impl.io.PoolingHttpClientConnectionManager.connect(PoolingHttpClientConnectionManager.java:396)
	at org.apache.hc.client5.http.impl.classic.InternalExecRuntime.connectEndpoint(InternalExecRuntime.java:158)
	at org.apache.hc.client5.http.impl.classic.InternalExecRuntime.connectEndpoint(InternalExecRuntime.java:168)
	at org.apache.hc.client5.http.impl.classic.ConnectExec.execute(ConnectExec.java:136)
	at org.apache.hc.client5.http.impl.classic.ExecChainElement.execute(ExecChainElement.java:51)
	at org.apache.hc.client5.http.impl.classic.ExecChainElement$1.proceed(ExecChainElement.java:57)
	at org.apache.hc.client5.http.impl.classic.ProtocolExec.execute(ProtocolExec.java:175)
	at org.apache.hc.client5.http.impl.classic.ExecChainElement.execute(ExecChainElement.java:51)
	at org.apache.hc.client5.http.impl.classic.ExecChainElement$1.proceed(ExecChainElement.java:57)
	at org.apache.hc.client5.http.impl.classic.HttpRequestRetryExec.execute(HttpRequestRetryExec.java:96)
	at org.apache.hc.client5.http.impl.classic.ExecChainElement.execute(ExecChainElement.java:51)
	at org.apache.hc.client5.http.impl.classic.ExecChainElement$1.proceed(ExecChainElement.java:57)
	at org.apache.hc.client5.http.impl.classic.ContentCompressionExec.execute(ContentCompressionExec.java:133)
	at org.apache.hc.client5.http.impl.classic.ExecChainElement.execute(ExecChainElement.java:51)
	at org.apache.hc.client5.http.impl.classic.ExecChainElement$1.proceed(ExecChainElement.java:57)
	at org.apache.hc.client5.http.impl.classic.RedirectExec.execute(RedirectExec.java:115)
	at org.apache.hc.client5.http.impl.classic.ExecChainElement.execute(ExecChainElement.java:51)
	at org.apache.hc.client5.http.impl.classic.InternalHttpClient.doExecute(InternalHttpClient.java:170)
	at org.apache.hc.client5.http.impl.classic.CloseableHttpClient.execute(CloseableHttpClient.java:75)
	at org.apache.hc.client5.http.impl.classic.CloseableHttpClient.execute(CloseableHttpClient.java:89)
	at io.github.bonigarcia.wdm.online.HttpClient.execute(HttpClient.java:158)
	at io.github.bonigarcia.wdm.WebDriverManager.getDriversFromXml(WebDriverManager.java:1513)
	... 35 more
ERROR	2023-08-04 13:23:25,112	0	io.github.bonigarcia.wdm.online.HttpClient	[main]	Error HTTP 404 executing https://chromedriver.storage.googleapis.com/LATEST_RELEASE_115
